<?xml version="1.0" encoding="UTF-8"?>
<!-- Generated by org.testng.reporters.JUnitReportReporter -->
<testsuite hostname="DESKTOP-LOTSCU6" failures="0" tests="1" name="TestCases.QAlegentNewTestCases" time="25.557" errors="0" timestamp="2024-10-05T00:53:51 IST" skipped="0">
  <testcase classname="TestCases.QAlegentNewTestCases" name="verifyIfUserCanDeleteUser" time="25.557"/>
</testsuite> <!-- TestCases.QAlegentNewTestCases -->
